
  .   ____          _            __ _ _
 /\\ / ___'_ __ _ _(_)_ __  __ _ \ \ \ \
( ( )\___ | '_ | '_| | '_ \/ _` | \ \ \ \
 \\/  ___)| |_)| | | | | || (_| |  ) ) ) )
  '  |____| .__|_| |_|_| |_\__, | / / / /
 =========|_|==============|___/=/_/_/_/

 :: Spring Boot ::                (v3.4.2)

2026-03-05T12:23:39.752+05:30  INFO 13660 --- [           main] com.formbuilder.FormBuilderApplication   : Starting FormBuilderApplication v1.0.0 using Java 21.0.10 with PID 13660 (C:\Users\darsh\Music\myproject\ForBuilderApp\backend\target\form-builder-backend-1.0.0.jar started by darsh in C:\Users\darsh\Music\myproject\ForBuilderApp\backend)
2026-03-05T12:23:39.759+05:30 DEBUG 13660 --- [           main] com.formbuilder.FormBuilderApplication   : Running with Spring Boot v3.4.2, Spring v6.2.2
2026-03-05T12:23:39.760+05:30  INFO 13660 --- [           main] com.formbuilder.FormBuilderApplication   : No active profile set, falling back to 1 default profile: "default"
2026-03-05T12:23:40.812+05:30  INFO 13660 --- [           main] .s.d.r.c.RepositoryConfigurationDelegate : Bootstrapping Spring Data JPA repositories in DEFAULT mode.
2026-03-05T12:23:40.901+05:30  INFO 13660 --- [           main] .s.d.r.c.RepositoryConfigurationDelegate : Finished Spring Data repository scanning in 71 ms. Found 3 JPA repository interfaces.
2026-03-05T12:23:41.816+05:30  INFO 13660 --- [           main] o.s.b.w.embedded.tomcat.TomcatWebServer  : Tomcat initialized with port 8080 (http)
2026-03-05T12:23:41.832+05:30  INFO 13660 --- [           main] o.apache.catalina.core.StandardService   : Starting service [Tomcat]
2026-03-05T12:23:41.832+05:30  INFO 13660 --- [           main] o.apache.catalina.core.StandardEngine    : Starting Servlet engine: [Apache Tomcat/10.1.34]
2026-03-05T12:23:41.878+05:30  INFO 13660 --- [           main] o.a.c.c.C.[Tomcat].[localhost].[/]       : Initializing Spring embedded WebApplicationContext
2026-03-05T12:23:41.880+05:30  INFO 13660 --- [           main] w.s.c.ServletWebServerApplicationContext : Root WebApplicationContext: initialization completed in 2025 ms
2026-03-05T12:23:42.011+05:30 DEBUG 13660 --- [           main] o.s.jdbc.datasource.DataSourceUtils      : Fetching JDBC Connection from DataSource
2026-03-05T12:23:42.012+05:30  INFO 13660 --- [           main] com.zaxxer.hikari.HikariDataSource       : HikariPool-1 - Starting...
2026-03-05T12:23:42.444+05:30  INFO 13660 --- [           main] com.zaxxer.hikari.pool.HikariPool        : HikariPool-1 - Added connection org.postgresql.jdbc.PgConnection@5fed9976
2026-03-05T12:23:42.448+05:30  INFO 13660 --- [           main] com.zaxxer.hikari.HikariDataSource       : HikariPool-1 - Start completed.
2026-03-05T12:23:42.454+05:30 DEBUG 13660 --- [           main] o.s.jdbc.datasource.init.ScriptUtils     : Executing SQL script from class path resource [users_schema.sql]
2026-03-05T12:23:42.464+05:30 DEBUG 13660 --- [           main] o.s.jdbc.datasource.init.ScriptUtils     : 0 returned as update count for SQL: CREATE TABLE IF NOT EXISTS users ( username VARCHAR(100) NOT NULL PRIMARY KEY, password VARCHAR(255) NOT NULL, enabled BOOLEAN NOT NULL DEFAULT TRUE )
2026-03-05T12:23:42.467+05:30 DEBUG 13660 --- [           main] o.s.jdbc.datasource.init.ScriptUtils     : SQLWarning ignored: SQL state '42P07', error code '0', message [relation "users" already exists, skipping]
2026-03-05T12:23:42.468+05:30 DEBUG 13660 --- [           main] o.s.jdbc.datasource.init.ScriptUtils     : 0 returned as update count for SQL: CREATE TABLE IF NOT EXISTS authorities ( username VARCHAR(100) NOT NULL REFERENCES users (username) ON DELETE CASCADE, authority VARCHAR(50) NOT NULL, CONSTRAINT uq_user_authority UNIQUE (username, authority) )
2026-03-05T12:23:42.468+05:30 DEBUG 13660 --- [           main] o.s.jdbc.datasource.init.ScriptUtils     : SQLWarning ignored: SQL state '42P07', error code '0', message [relation "authorities" already exists, skipping]
2026-03-05T12:23:42.471+05:30 DEBUG 13660 --- [           main] o.s.jdbc.datasource.init.ScriptUtils     : 0 returned as update count for SQL: COMMENT ON TABLE users IS 'Admin accounts managed by Spring Security JdbcUserDetailsManager.'
2026-03-05T12:23:42.472+05:30 DEBUG 13660 --- [           main] o.s.jdbc.datasource.init.ScriptUtils     : 0 returned as update count for SQL: COMMENT ON TABLE authorities IS 'Roles/permissions per user. Spring Security reads this via UserDetailsService.'
2026-03-05T12:23:42.475+05:30 DEBUG 13660 --- [           main] o.s.jdbc.datasource.init.ScriptUtils     : Executed SQL script from class path resource [users_schema.sql] in 18 ms.
2026-03-05T12:23:42.475+05:30 DEBUG 13660 --- [           main] o.s.jdbc.datasource.init.ScriptUtils     : Executing SQL script from class path resource [schema.sql]
2026-03-05T12:23:42.478+05:30 DEBUG 13660 --- [           main] o.s.jdbc.datasource.init.ScriptUtils     : 0 returned as update count for SQL: CREATE EXTENSION IF NOT EXISTS "pgcrypto"
2026-03-05T12:23:42.479+05:30 DEBUG 13660 --- [           main] o.s.jdbc.datasource.init.ScriptUtils     : SQLWarning ignored: SQL state '42710', error code '0', message [extension "pgcrypto" already exists, skipping]
2026-03-05T12:23:42.480+05:30 DEBUG 13660 --- [           main] o.s.jdbc.datasource.init.ScriptUtils     : 0 returned as update count for SQL: CREATE TABLE IF NOT EXISTS shared_options ( id UUID PRIMARY KEY DEFAULT gen_random_uuid(), options_json TEXT NOT NULL, created_at TIMESTAMP NOT NULL DEFAULT NOW(), updated_at TIMESTAMP NOT NULL DEFAULT NOW() )
2026-03-05T12:23:42.480+05:30 DEBUG 13660 --- [           main] o.s.jdbc.datasource.init.ScriptUtils     : SQLWarning ignored: SQL state '42P07', error code '0', message [relation "shared_options" already exists, skipping]
2026-03-05T12:23:42.481+05:30 DEBUG 13660 --- [           main] o.s.jdbc.datasource.init.ScriptUtils     : 0 returned as update count for SQL: COMMENT ON TABLE shared_options IS 'Canonical option lists shared across multiple form fields.'
2026-03-05T12:23:42.481+05:30 DEBUG 13660 --- [           main] o.s.jdbc.datasource.init.ScriptUtils     : 0 returned as update count for SQL: COMMENT ON COLUMN shared_options.options_json IS 'JSON array: [{"label":"A","value":"A"},...]'
2026-03-05T12:23:42.482+05:30 DEBUG 13660 --- [           main] o.s.jdbc.datasource.init.ScriptUtils     : 0 returned as update count for SQL: CREATE TABLE IF NOT EXISTS forms ( id UUID PRIMARY KEY DEFAULT gen_random_uuid(), name VARCHAR(150) NOT NULL, description TEXT, table_name VARCHAR(150) NOT NULL UNIQUE, created_at TIMESTAMP NOT NULL DEFAULT NOW(), updated_at TIMESTAMP NOT NULL DEFAULT NOW() )
2026-03-05T12:23:42.482+05:30 DEBUG 13660 --- [           main] o.s.jdbc.datasource.init.ScriptUtils     : SQLWarning ignored: SQL state '42P07', error code '0', message [relation "forms" already exists, skipping]
2026-03-05T12:23:42.483+05:30 DEBUG 13660 --- [           main] o.s.jdbc.datasource.init.ScriptUtils     : 0 returned as update count for SQL: COMMENT ON TABLE forms IS 'Master registry of every form created by admins.'
2026-03-05T12:23:42.483+05:30 DEBUG 13660 --- [           main] o.s.jdbc.datasource.init.ScriptUtils     : 0 returned as update count for SQL: COMMENT ON COLUMN forms.table_name IS 'Name of the dedicated PostgreSQL table that stores submissions for this form.'
2026-03-05T12:23:42.484+05:30 DEBUG 13660 --- [           main] o.s.jdbc.datasource.init.ScriptUtils     : 0 returned as update count for SQL: CREATE TABLE IF NOT EXISTS form_fields ( id UUID PRIMARY KEY DEFAULT gen_random_uuid(), form_id UUID NOT NULL REFERENCES forms (id) ON DELETE CASCADE, field_key VARCHAR(100) NOT NULL, label VARCHAR(150) NOT NULL, field_type VARCHAR(50) NOT NULL CHECK (field_type IN ('text', 'number', 'date', 'boolean', 'dropdown', 'radio', 'file')), required BOOLEAN NOT NULL DEFAULT FALSE, default_value TEXT, validation_regex TEXT, validation_json TEXT, shared_options_id UUID REFERENCES shared_options (id) ON DELETE SET NULL, field_order INT NOT NULL DEFAULT 0, created_at TIMESTAMP NOT NULL DEFAULT NOW(), CONSTRAINT uq_form_field_key UNIQUE (form_id, field_key) )
2026-03-05T12:23:42.484+05:30 DEBUG 13660 --- [           main] o.s.jdbc.datasource.init.ScriptUtils     : SQLWarning ignored: SQL state '42P07', error code '0', message [relation "form_fields" already exists, skipping]
2026-03-05T12:23:42.485+05:30 DEBUG 13660 --- [           main] o.s.jdbc.datasource.init.ScriptUtils     : 0 returned as update count for SQL: COMMENT ON TABLE form_fields IS 'Field definitions for each form. Each field becomes a column in the form''s submission table.'
2026-03-05T12:23:42.486+05:30 DEBUG 13660 --- [           main] o.s.jdbc.datasource.init.ScriptUtils     : 0 returned as update count for SQL: COMMENT ON COLUMN form_fields.field_key IS 'Snake_case identifier used as column name in the dynamic submission table.'
2026-03-05T12:23:42.487+05:30 DEBUG 13660 --- [           main] o.s.jdbc.datasource.init.ScriptUtils     : 0 returned as update count for SQL: COMMENT ON COLUMN form_fields.field_type IS 'Logical type: text→TEXT, number→INTEGER, date→DATE, boolean→BOOLEAN, dropdown→VARCHAR(255), radio→VARCHAR(255), file→TEXT.'
2026-03-05T12:23:42.488+05:30 DEBUG 13660 --- [           main] o.s.jdbc.datasource.init.ScriptUtils     : 0 returned as update count for SQL: COMMENT ON COLUMN form_fields.shared_options_id IS 'FK → shared_options: all dropdown/radio options are stored there, never inline.'
2026-03-05T12:23:42.488+05:30 DEBUG 13660 --- [           main] o.s.jdbc.datasource.init.ScriptUtils     : 0 returned as update count for SQL: COMMENT ON COLUMN form_fields.field_order IS 'Zero-based render order. Builder preserves this order via drag-and-drop.'
2026-03-05T12:23:42.488+05:30 DEBUG 13660 --- [           main] o.s.jdbc.datasource.init.ScriptUtils     : 0 returned as update count for SQL: CREATE INDEX IF NOT EXISTS idx_form_fields_form_id ON form_fields (form_id)
2026-03-05T12:23:42.488+05:30 DEBUG 13660 --- [           main] o.s.jdbc.datasource.init.ScriptUtils     : SQLWarning ignored: SQL state '42P07', error code '0', message [relation "idx_form_fields_form_id" already exists, skipping]
2026-03-05T12:23:42.490+05:30 DEBUG 13660 --- [           main] o.s.jdbc.datasource.init.ScriptUtils     : 0 returned as update count for SQL: CREATE INDEX IF NOT EXISTS idx_form_fields_field_order ON form_fields (form_id, field_order)
2026-03-05T12:23:42.490+05:30 DEBUG 13660 --- [           main] o.s.jdbc.datasource.init.ScriptUtils     : SQLWarning ignored: SQL state '42P07', error code '0', message [relation "idx_form_fields_field_order" already exists, skipping]
2026-03-05T12:23:42.501+05:30 DEBUG 13660 --- [           main] o.s.jdbc.datasource.init.ScriptUtils     : 0 returned as update count for SQL: CREATE OR REPLACE FUNCTION fn_set_updated_at() RETURNS TRIGGER AS $$ BEGIN NEW.updated_at = NOW(); RETURN NEW; END; $$ LANGUAGE plpgsql
2026-03-05T12:23:42.502+05:30 DEBUG 13660 --- [           main] o.s.jdbc.datasource.init.ScriptUtils     : 0 returned as update count for SQL: CREATE OR REPLACE TRIGGER trg_forms_updated_at BEFORE UPDATE ON forms FOR EACH ROW EXECUTE FUNCTION fn_set_updated_at()
2026-03-05T12:23:42.503+05:30 DEBUG 13660 --- [           main] o.s.jdbc.datasource.init.ScriptUtils     : Executed SQL script from class path resource [schema.sql] in 27 ms.
2026-03-05T12:23:42.503+05:30 DEBUG 13660 --- [           main] o.s.jdbc.datasource.init.ScriptUtils     : Executing SQL script from class path resource [migration_add_validation_json.sql]
2026-03-05T12:23:42.504+05:30 DEBUG 13660 --- [           main] o.s.jdbc.datasource.init.ScriptUtils     : 0 returned as update count for SQL: DROP TABLE IF EXISTS field_options CASCADE
2026-03-05T12:23:42.504+05:30 DEBUG 13660 --- [           main] o.s.jdbc.datasource.init.ScriptUtils     : SQLWarning ignored: SQL state '00000', error code '0', message [table "field_options" does not exist, skipping]
2026-03-05T12:23:42.505+05:30 DEBUG 13660 --- [           main] o.s.jdbc.datasource.init.ScriptUtils     : 0 returned as update count for SQL: DROP TABLE IF EXISTS dropdown_options CASCADE
2026-03-05T12:23:42.505+05:30 DEBUG 13660 --- [           main] o.s.jdbc.datasource.init.ScriptUtils     : SQLWarning ignored: SQL state '00000', error code '0', message [table "dropdown_options" does not exist, skipping]
2026-03-05T12:23:42.506+05:30 DEBUG 13660 --- [           main] o.s.jdbc.datasource.init.ScriptUtils     : 0 returned as update count for SQL: DROP TABLE IF EXISTS dropdown_schemas CASCADE
2026-03-05T12:23:42.506+05:30 DEBUG 13660 --- [           main] o.s.jdbc.datasource.init.ScriptUtils     : SQLWarning ignored: SQL state '00000', error code '0', message [table "dropdown_schemas" does not exist, skipping]
2026-03-05T12:23:42.507+05:30 DEBUG 13660 --- [           main] o.s.jdbc.datasource.init.ScriptUtils     : 0 returned as update count for SQL: ALTER TABLE form_fields ADD COLUMN IF NOT EXISTS validation_json TEXT
2026-03-05T12:23:42.509+05:30 DEBUG 13660 --- [           main] o.s.jdbc.datasource.init.ScriptUtils     : SQLWarning ignored: SQL state '42701', error code '0', message [column "validation_json" of relation "form_fields" already exists, skipping]
2026-03-05T12:23:42.510+05:30 DEBUG 13660 --- [           main] o.s.jdbc.datasource.init.ScriptUtils     : 0 returned as update count for SQL: CREATE TABLE IF NOT EXISTS shared_options ( id UUID PRIMARY KEY DEFAULT gen_random_uuid(), options_json TEXT NOT NULL, created_at TIMESTAMP NOT NULL DEFAULT NOW(), updated_at TIMESTAMP NOT NULL DEFAULT NOW() )
2026-03-05T12:23:42.510+05:30 DEBUG 13660 --- [           main] o.s.jdbc.datasource.init.ScriptUtils     : SQLWarning ignored: SQL state '42P07', error code '0', message [relation "shared_options" already exists, skipping]
2026-03-05T12:23:42.511+05:30 DEBUG 13660 --- [           main] o.s.jdbc.datasource.init.ScriptUtils     : 0 returned as update count for SQL: ALTER TABLE form_fields ADD COLUMN IF NOT EXISTS shared_options_id UUID REFERENCES shared_options(id) ON DELETE SET NULL
2026-03-05T12:23:42.511+05:30 DEBUG 13660 --- [           main] o.s.jdbc.datasource.init.ScriptUtils     : SQLWarning ignored: SQL state '42701', error code '0', message [column "shared_options_id" of relation "form_fields" already exists, skipping]
2026-03-05T12:23:42.513+05:30 DEBUG 13660 --- [           main] o.s.jdbc.datasource.init.ScriptUtils     : 0 returned as update count for SQL: ALTER TABLE form_fields DROP COLUMN IF EXISTS source_field_id
2026-03-05T12:23:42.513+05:30 DEBUG 13660 --- [           main] o.s.jdbc.datasource.init.ScriptUtils     : SQLWarning ignored: SQL state '00000', error code '0', message [column "source_field_id" of relation "form_fields" does not exist, skipping]
2026-03-05T12:23:42.514+05:30 DEBUG 13660 --- [           main] o.s.jdbc.datasource.init.ScriptUtils     : 0 returned as update count for SQL: ALTER TABLE form_fields DROP COLUMN IF EXISTS dropdown_schema_id
2026-03-05T12:23:42.515+05:30 DEBUG 13660 --- [           main] o.s.jdbc.datasource.init.ScriptUtils     : SQLWarning ignored: SQL state '00000', error code '0', message [column "dropdown_schema_id" of relation "form_fields" does not exist, skipping]
2026-03-05T12:23:42.516+05:30 DEBUG 13660 --- [           main] o.s.jdbc.datasource.init.ScriptUtils     : 0 returned as update count for SQL: ALTER TABLE form_fields DROP COLUMN IF EXISTS options_json
2026-03-05T12:23:42.516+05:30 DEBUG 13660 --- [           main] o.s.jdbc.datasource.init.ScriptUtils     : SQLWarning ignored: SQL state '00000', error code '0', message [column "options_json" of relation "form_fields" does not exist, skipping]
2026-03-05T12:23:42.517+05:30 DEBUG 13660 --- [           main] o.s.jdbc.datasource.init.ScriptUtils     : 0 returned as update count for SQL: COMMENT ON TABLE shared_options IS 'Canonical option lists — dropdown/radio options live here, never inline on form_fields.'
2026-03-05T12:23:42.518+05:30 DEBUG 13660 --- [           main] o.s.jdbc.datasource.init.ScriptUtils     : 0 returned as update count for SQL: COMMENT ON COLUMN form_fields.shared_options_id IS 'FK → shared_options.id — all dropdown/radio options stored here, never as inline JSON.'
2026-03-05T12:23:42.518+05:30 DEBUG 13660 --- [           main] o.s.jdbc.datasource.init.ScriptUtils     : 0 returned as update count for SQL: COMMENT ON COLUMN form_fields.validation_json IS 'JSON object containing advanced validation rules for a field.'
2026-03-05T12:23:42.519+05:30 DEBUG 13660 --- [           main] o.s.jdbc.datasource.init.ScriptUtils     : Executed SQL script from class path resource [migration_add_validation_json.sql] in 16 ms.
2026-03-05T12:23:42.652+05:30  INFO 13660 --- [           main] o.hibernate.jpa.internal.util.LogHelper  : HHH000204: Processing PersistenceUnitInfo [name: default]
2026-03-05T12:23:42.789+05:30  INFO 13660 --- [           main] org.hibernate.Version                    : HHH000412: Hibernate ORM core version 6.6.5.Final
2026-03-05T12:23:42.843+05:30  INFO 13660 --- [           main] o.h.c.internal.RegionFactoryInitiator    : HHH000026: Second-level cache disabled
2026-03-05T12:23:43.356+05:30  INFO 13660 --- [           main] o.s.o.j.p.SpringPersistenceUnitInfo      : No LoadTimeWeaver setup: ignoring JPA class transformer
2026-03-05T12:23:43.476+05:30  WARN 13660 --- [           main] org.hibernate.orm.deprecation            : HHH90000025: PostgreSQLDialect does not need to be specified explicitly using 'hibernate.dialect' (remove the property setting and it will be selected by default)
2026-03-05T12:23:43.499+05:30  INFO 13660 --- [           main] org.hibernate.orm.connections.pooling    : HHH10001005: Database info:
	Database JDBC URL [Connecting through datasource 'HikariDataSource (HikariPool-1)']
	Database driver: undefined/unknown
	Database version: 18.1
	Autocommit mode: undefined/unknown
	Isolation level: undefined/unknown
	Minimum pool size: undefined/unknown
	Maximum pool size: undefined/unknown
2026-03-05T12:23:44.863+05:30  INFO 13660 --- [           main] o.h.e.t.j.p.i.JtaPlatformInitiator       : HHH000489: No JTA platform available (set 'hibernate.transaction.jta.platform' to enable JTA platform integration)
2026-03-05T12:23:44.870+05:30  INFO 13660 --- [           main] j.LocalContainerEntityManagerFactoryBean : Initialized JPA EntityManagerFactory for persistence unit 'default'
2026-03-05T12:23:44.902+05:30  INFO 13660 --- [           main] o.s.s.p.JdbcUserDetailsManager           : No authentication manager set. Reauthentication of users when changing passwords will not be performed.
2026-03-05T12:23:45.312+05:30  INFO 13660 --- [           main] o.s.d.j.r.query.QueryEnhancerFactory     : Hibernate is in classpath; If applicable, HQL parser will be used.
2026-03-05T12:23:46.240+05:30  INFO 13660 --- [           main] r$InitializeUserDetailsManagerConfigurer : Global AuthenticationManager configured with UserDetailsService bean with name userDetailsManager
2026-03-05T12:23:46.571+05:30 DEBUG 13660 --- [           main] o.s.s.web.DefaultSecurityFilterChain     : Will secure any request with filters: DisableEncodeUrlFilter, WebAsyncManagerIntegrationFilter, SecurityContextHolderFilter, HeaderWriterFilter, LogoutFilter, UsernamePasswordAuthenticationFilter, ConcurrentSessionFilter, RequestCacheAwareFilter, SecurityContextHolderAwareRequestFilter, AnonymousAuthenticationFilter, SessionManagementFilter, ExceptionTranslationFilter, AuthorizationFilter
2026-03-05T12:23:46.806+05:30  WARN 13660 --- [           main] ConfigServletWebServerApplicationContext : Exception encountered during context initialization - cancelling refresh attempt: org.springframework.context.ApplicationContextException: Failed to start bean 'webServerStartStop'
2026-03-05T12:23:46.809+05:30  INFO 13660 --- [           main] j.LocalContainerEntityManagerFactoryBean : Closing JPA EntityManagerFactory for persistence unit 'default'
2026-03-05T12:23:46.812+05:30  INFO 13660 --- [           main] com.zaxxer.hikari.HikariDataSource       : HikariPool-1 - Shutdown initiated...
2026-03-05T12:23:46.821+05:30  INFO 13660 --- [           main] com.zaxxer.hikari.HikariDataSource       : HikariPool-1 - Shutdown completed.
2026-03-05T12:23:46.842+05:30  INFO 13660 --- [           main] .s.b.a.l.ConditionEvaluationReportLogger : 

Error starting ApplicationContext. To display the condition evaluation report re-run your application with 'debug' enabled.
2026-03-05T12:23:46.868+05:30 ERROR 13660 --- [           main] o.s.b.d.LoggingFailureAnalysisReporter   : 

***************************
APPLICATION FAILED TO START
***************************

Description:

Web server failed to start. Port 8080 was already in use.

Action:

Identify and stop the process that's listening on port 8080 or configure this application to listen on another port.

